<?xml version="1.0" encoding="UTF-8"?>
<!-- Generated by org.testng.reporters.JUnitReportReporter -->
<testsuite hostname="DESKTOP-8PJ8JRC" failures="0" tests="4" name="TestNgPractice.Group" time="0.035" errors="0" timestamp="2021-07-20T12:43:26 IST" skipped="0">
  <testcase classname="TestNgPractice.Group" name="ff" time="0.008"/>
  <system-out>
    <![CDATA[f2]]>
  </system-out>
  <testcase classname="TestNgPractice.Group" name="f" time="0.015"/>
  <system-out>
    <![CDATA[f1]]>
  </system-out>
  <testcase classname="TestNgPractice.Group" name="i" time="0.008"/>
  <system-out>
    <![CDATA[i1]]>
  </system-out>
  <testcase classname="TestNgPractice.Group" name="ii" time="0.004"/>
  <system-out>
    <![CDATA[i2]]>
  </system-out>
</testsuite> <!-- TestNgPractice.Group -->
